{"/Users/jamalkoukou/Desktop/test/index.ts": {"path":"/Users/jamalkoukou/Desktop/test/index.ts","statementMap":{"0":{"start":{"line":1,"column":0},"end":{"line":1,"column":30}},"1":{"start":{"line":2,"column":0},"end":{"line":2,"column":28}},"2":{"start":{"line":3,"column":0},"end":{"line":3,"column":52}},"3":{"start":{"line":4,"column":0},"end":{"line":4,"column":42}},"4":{"start":{"line":7,"column":0},"end":{"line":7,"column":50}},"5":{"start":{"line":8,"column":0},"end":{"line":8,"column":46}},"6":{"start":{"line":9,"column":0},"end":{"line":9,"column":54}},"7":{"start":{"line":10,"column":0},"end":{"line":10,"column":16}},"8":{"start":{"line":13,"column":11},"end":{"line":13,"column":26}},"9":{"start":{"line":17,"column":13},"end":{"line":17,"column":29}},"10":{"start":{"line":20,"column":0},"end":{"line":20,"column":24}},"11":{"start":{"line":21,"column":0},"end":{"line":21,"column":16}},"12":{"start":{"line":26,"column":13},"end":{"line":37,"column":3}},"13":{"start":{"line":40,"column":0},"end":{"line":40,"column":53}},"14":{"start":{"line":41,"column":0},"end":{"line":41,"column":55}},"15":{"start":{"line":43,"column":0},"end":{"line":45,"column":3}},"16":{"start":{"line":44,"column":4},"end":{"line":44,"column":45}}},"fnMap":{"0":{"name":"(anonymous_1)","decl":{"start":{"line":43,"column":14},"end":{"line":43,"column":15}},"loc":{"start":{"line":43,"column":27},"end":{"line":45,"column":1}}}},"branchMap":{},"s":{"0":1,"1":1,"2":1,"3":1,"4":1,"5":1,"6":1,"7":1,"8":1,"9":1,"10":1,"11":1,"12":1,"13":1,"14":1,"15":1,"16":1},"f":{"0":1},"b":{}}
,"/Users/jamalkoukou/Desktop/test/build/index.js": {"path":"/Users/jamalkoukou/Desktop/test/build/index.js","statementMap":{"0":{"start":{"line":2,"column":22},"end":{"line":4,"column":1}},"1":{"start":{"line":3,"column":4},"end":{"line":3,"column":62}},"2":{"start":{"line":5,"column":0},"end":{"line":5,"column":62}},"3":{"start":{"line":6,"column":0},"end":{"line":6,"column":42}},"4":{"start":{"line":7,"column":18},"end":{"line":7,"column":53}},"5":{"start":{"line":8,"column":17},"end":{"line":8,"column":51}},"6":{"start":{"line":9,"column":18},"end":{"line":9,"column":36}},"7":{"start":{"line":10,"column":21},"end":{"line":10,"column":50}},"8":{"start":{"line":11,"column":22},"end":{"line":11,"column":53}},"9":{"start":{"line":12,"column":23},"end":{"line":12,"column":54}},"10":{"start":{"line":13,"column":24},"end":{"line":13,"column":57}},"11":{"start":{"line":14,"column":0},"end":{"line":14,"column":26}},"12":{"start":{"line":15,"column":11},"end":{"line":15,"column":26}},"13":{"start":{"line":17,"column":0},"end":{"line":17,"column":39}},"14":{"start":{"line":19,"column":0},"end":{"line":19,"column":42}},"15":{"start":{"line":20,"column":0},"end":{"line":20,"column":24}},"16":{"start":{"line":23,"column":0},"end":{"line":33,"column":3}},"17":{"start":{"line":34,"column":0},"end":{"line":34,"column":83}},"18":{"start":{"line":35,"column":0},"end":{"line":35,"column":88}},"19":{"start":{"line":36,"column":0},"end":{"line":38,"column":3}},"20":{"start":{"line":37,"column":4},"end":{"line":37,"column":45}}},"fnMap":{"0":{"name":"(anonymous_0)","decl":{"start":{"line":2,"column":56},"end":{"line":2,"column":57}},"loc":{"start":{"line":2,"column":71},"end":{"line":4,"column":1}},"line":2},"1":{"name":"(anonymous_1)","decl":{"start":{"line":36,"column":21},"end":{"line":36,"column":22}},"loc":{"start":{"line":36,"column":35},"end":{"line":38,"column":1}},"line":36}},"branchMap":{"0":{"loc":{"start":{"line":2,"column":22},"end":{"line":4,"column":1}},"type":"binary-expr","locations":[{"start":{"line":2,"column":23},"end":{"line":2,"column":27}},{"start":{"line":2,"column":31},"end":{"line":2,"column":51}},{"start":{"line":2,"column":56},"end":{"line":4,"column":1}}],"line":2},"1":{"loc":{"start":{"line":3,"column":11},"end":{"line":3,"column":61}},"type":"cond-expr","locations":[{"start":{"line":3,"column":37},"end":{"line":3,"column":40}},{"start":{"line":3,"column":43},"end":{"line":3,"column":61}}],"line":3},"2":{"loc":{"start":{"line":3,"column":12},"end":{"line":3,"column":33}},"type":"binary-expr","locations":[{"start":{"line":3,"column":12},"end":{"line":3,"column":15}},{"start":{"line":3,"column":19},"end":{"line":3,"column":33}}],"line":3}},"s":{"0":2,"1":4,"2":2,"3":2,"4":2,"5":2,"6":2,"7":2,"8":2,"9":2,"10":2,"11":2,"12":2,"13":2,"14":2,"15":2,"16":2,"17":2,"18":2,"19":2,"20":2},"f":{"0":4,"1":2},"b":{"0":[2,2,2],"1":[0,4],"2":[4,4]},"inputSourceMap":null,"_coverageSchema":"1a1c01bbd47fc00a2c39e90264f33305004495a9","hash":"f214f445a9601274a0b19059d8401c60739c8e69"}
,"/Users/jamalkoukou/Desktop/test/build/model/author.model.js": {"path":"/Users/jamalkoukou/Desktop/test/build/model/author.model.js","statementMap":{"0":{"start":{"line":2,"column":17},"end":{"line":7,"column":1}},"1":{"start":{"line":3,"column":12},"end":{"line":3,"column":28}},"2":{"start":{"line":3,"column":34},"end":{"line":3,"column":125}},"3":{"start":{"line":4,"column":4},"end":{"line":5,"column":150}},"4":{"start":{"line":4,"column":79},"end":{"line":4,"column":131}},"5":{"start":{"line":5,"column":9},"end":{"line":5,"column":150}},"6":{"start":{"line":5,"column":22},"end":{"line":5,"column":43}},"7":{"start":{"line":5,"column":58},"end":{"line":5,"column":150}},"8":{"start":{"line":5,"column":81},"end":{"line":5,"column":150}},"9":{"start":{"line":6,"column":4},"end":{"line":6,"column":66}},"10":{"start":{"line":8,"column":17},"end":{"line":10,"column":1}},"11":{"start":{"line":9,"column":4},"end":{"line":9,"column":109}},"12":{"start":{"line":9,"column":79},"end":{"line":9,"column":109}},"13":{"start":{"line":11,"column":0},"end":{"line":11,"column":62}},"14":{"start":{"line":12,"column":0},"end":{"line":12,"column":24}},"15":{"start":{"line":13,"column":18},"end":{"line":13,"column":36}},"16":{"start":{"line":14,"column":21},"end":{"line":14,"column":44}},"17":{"start":{"line":15,"column":13},"end":{"line":16,"column":1}},"18":{"start":{"line":17,"column":0},"end":{"line":17,"column":24}},"19":{"start":{"line":18,"column":0},"end":{"line":21,"column":35}},"20":{"start":{"line":22,"column":0},"end":{"line":25,"column":42}},"21":{"start":{"line":26,"column":0},"end":{"line":29,"column":41}},"22":{"start":{"line":30,"column":0},"end":{"line":33,"column":41}},"23":{"start":{"line":34,"column":0},"end":{"line":37,"column":38}},"24":{"start":{"line":35,"column":35},"end":{"line":35,"column":52}},"25":{"start":{"line":35,"column":62},"end":{"line":35,"column":73}},"26":{"start":{"line":38,"column":0},"end":{"line":40,"column":11}}},"fnMap":{"0":{"name":"(anonymous_0)","decl":{"start":{"line":2,"column":46},"end":{"line":2,"column":47}},"loc":{"start":{"line":2,"column":87},"end":{"line":7,"column":1}},"line":2},"1":{"name":"(anonymous_1)","decl":{"start":{"line":8,"column":46},"end":{"line":8,"column":47}},"loc":{"start":{"line":8,"column":62},"end":{"line":10,"column":1}},"line":8},"2":{"name":"(anonymous_2)","decl":{"start":{"line":35,"column":29},"end":{"line":35,"column":30}},"loc":{"start":{"line":35,"column":35},"end":{"line":35,"column":52}},"line":35},"3":{"name":"(anonymous_3)","decl":{"start":{"line":35,"column":54},"end":{"line":35,"column":55}},"loc":{"start":{"line":35,"column":62},"end":{"line":35,"column":73}},"line":35}},"branchMap":{"0":{"loc":{"start":{"line":2,"column":17},"end":{"line":7,"column":1}},"type":"binary-expr","locations":[{"start":{"line":2,"column":18},"end":{"line":2,"column":22}},{"start":{"line":2,"column":26},"end":{"line":2,"column":41}},{"start":{"line":2,"column":46},"end":{"line":7,"column":1}}],"line":2},"1":{"loc":{"start":{"line":3,"column":34},"end":{"line":3,"column":125}},"type":"cond-expr","locations":[{"start":{"line":3,"column":42},"end":{"line":3,"column":48}},{"start":{"line":3,"column":51},"end":{"line":3,"column":125}}],"line":3},"2":{"loc":{"start":{"line":3,"column":51},"end":{"line":3,"column":125}},"type":"cond-expr","locations":[{"start":{"line":3,"column":67},"end":{"line":3,"column":118}},{"start":{"line":3,"column":121},"end":{"line":3,"column":125}}],"line":3},"3":{"loc":{"start":{"line":4,"column":4},"end":{"line":5,"column":150}},"type":"if","locations":[{"start":{"line":4,"column":4},"end":{"line":5,"column":150}},{"start":{"line":5,"column":9},"end":{"line":5,"column":150}}],"line":4},"4":{"loc":{"start":{"line":4,"column":8},"end":{"line":4,"column":77}},"type":"binary-expr","locations":[{"start":{"line":4,"column":8},"end":{"line":4,"column":35}},{"start":{"line":4,"column":39},"end":{"line":4,"column":77}}],"line":4},"5":{"loc":{"start":{"line":5,"column":58},"end":{"line":5,"column":150}},"type":"if","locations":[{"start":{"line":5,"column":58},"end":{"line":5,"column":150}},{"start":{},"end":{}}],"line":5},"6":{"loc":{"start":{"line":5,"column":85},"end":{"line":5,"column":149}},"type":"binary-expr","locations":[{"start":{"line":5,"column":86},"end":{"line":5,"column":143}},{"start":{"line":5,"column":148},"end":{"line":5,"column":149}}],"line":5},"7":{"loc":{"start":{"line":5,"column":86},"end":{"line":5,"column":143}},"type":"cond-expr","locations":[{"start":{"line":5,"column":94},"end":{"line":5,"column":98}},{"start":{"line":5,"column":101},"end":{"line":5,"column":143}}],"line":5},"8":{"loc":{"start":{"line":5,"column":101},"end":{"line":5,"column":143}},"type":"cond-expr","locations":[{"start":{"line":5,"column":109},"end":{"line":5,"column":126}},{"start":{"line":5,"column":129},"end":{"line":5,"column":143}}],"line":5},"9":{"loc":{"start":{"line":6,"column":11},"end":{"line":6,"column":62}},"type":"binary-expr","locations":[{"start":{"line":6,"column":11},"end":{"line":6,"column":16}},{"start":{"line":6,"column":20},"end":{"line":6,"column":21}},{"start":{"line":6,"column":25},"end":{"line":6,"column":62}}],"line":6},"10":{"loc":{"start":{"line":8,"column":17},"end":{"line":10,"column":1}},"type":"binary-expr","locations":[{"start":{"line":8,"column":18},"end":{"line":8,"column":22}},{"start":{"line":8,"column":26},"end":{"line":8,"column":41}},{"start":{"line":8,"column":46},"end":{"line":10,"column":1}}],"line":8},"11":{"loc":{"start":{"line":9,"column":4},"end":{"line":9,"column":109}},"type":"if","locations":[{"start":{"line":9,"column":4},"end":{"line":9,"column":109}},{"start":{},"end":{}}],"line":9},"12":{"loc":{"start":{"line":9,"column":8},"end":{"line":9,"column":77}},"type":"binary-expr","locations":[{"start":{"line":9,"column":8},"end":{"line":9,"column":35}},{"start":{"line":9,"column":39},"end":{"line":9,"column":77}}],"line":9}},"s":{"0":2,"1":12,"2":12,"3":12,"4":12,"5":0,"6":0,"7":0,"8":0,"9":12,"10":2,"11":10,"12":10,"13":2,"14":2,"15":2,"16":2,"17":2,"18":2,"19":2,"20":2,"21":2,"22":2,"23":2,"24":4,"25":4,"26":2},"f":{"0":12,"1":10,"2":4,"3":4},"b":{"0":[2,2,2],"1":[2,10],"2":[0,10],"3":[12,0],"4":[12,12],"5":[0,0],"6":[0,0],"7":[0,0],"8":[0,0],"9":[12,10,0],"10":[2,2,2],"11":[10,0],"12":[10,10]},"inputSourceMap":null,"_coverageSchema":"1a1c01bbd47fc00a2c39e90264f33305004495a9","hash":"a23068021e8ccecadfc23f7530220fdcc03439ba"}
,"/Users/jamalkoukou/Desktop/test/build/model/book.model.js": {"path":"/Users/jamalkoukou/Desktop/test/build/model/book.model.js","statementMap":{"0":{"start":{"line":2,"column":17},"end":{"line":7,"column":1}},"1":{"start":{"line":3,"column":12},"end":{"line":3,"column":28}},"2":{"start":{"line":3,"column":34},"end":{"line":3,"column":125}},"3":{"start":{"line":4,"column":4},"end":{"line":5,"column":150}},"4":{"start":{"line":4,"column":79},"end":{"line":4,"column":131}},"5":{"start":{"line":5,"column":9},"end":{"line":5,"column":150}},"6":{"start":{"line":5,"column":22},"end":{"line":5,"column":43}},"7":{"start":{"line":5,"column":58},"end":{"line":5,"column":150}},"8":{"start":{"line":5,"column":81},"end":{"line":5,"column":150}},"9":{"start":{"line":6,"column":4},"end":{"line":6,"column":66}},"10":{"start":{"line":8,"column":17},"end":{"line":10,"column":1}},"11":{"start":{"line":9,"column":4},"end":{"line":9,"column":109}},"12":{"start":{"line":9,"column":79},"end":{"line":9,"column":109}},"13":{"start":{"line":11,"column":0},"end":{"line":11,"column":62}},"14":{"start":{"line":12,"column":0},"end":{"line":12,"column":22}},"15":{"start":{"line":18,"column":18},"end":{"line":18,"column":36}},"16":{"start":{"line":19,"column":23},"end":{"line":19,"column":48}},"17":{"start":{"line":21,"column":11},"end":{"line":22,"column":1}},"18":{"start":{"line":23,"column":0},"end":{"line":23,"column":20}},"19":{"start":{"line":24,"column":0},"end":{"line":27,"column":33}},"20":{"start":{"line":28,"column":0},"end":{"line":31,"column":35}},"21":{"start":{"line":32,"column":0},"end":{"line":35,"column":36}},"22":{"start":{"line":36,"column":0},"end":{"line":39,"column":37}},"23":{"start":{"line":37,"column":35},"end":{"line":37,"column":56}},"24":{"start":{"line":37,"column":68},"end":{"line":37,"column":80}},"25":{"start":{"line":40,"column":0},"end":{"line":43,"column":43}},"26":{"start":{"line":44,"column":0},"end":{"line":47,"column":41}},"27":{"start":{"line":48,"column":0},"end":{"line":53,"column":41}},"28":{"start":{"line":50,"column":23},"end":{"line":50,"column":42}},"29":{"start":{"line":54,"column":0},"end":{"line":59,"column":41}},"30":{"start":{"line":56,"column":23},"end":{"line":56,"column":42}},"31":{"start":{"line":60,"column":0},"end":{"line":63,"column":9}}},"fnMap":{"0":{"name":"(anonymous_0)","decl":{"start":{"line":2,"column":46},"end":{"line":2,"column":47}},"loc":{"start":{"line":2,"column":87},"end":{"line":7,"column":1}},"line":2},"1":{"name":"(anonymous_1)","decl":{"start":{"line":8,"column":46},"end":{"line":8,"column":47}},"loc":{"start":{"line":8,"column":62},"end":{"line":10,"column":1}},"line":8},"2":{"name":"(anonymous_2)","decl":{"start":{"line":37,"column":29},"end":{"line":37,"column":30}},"loc":{"start":{"line":37,"column":35},"end":{"line":37,"column":56}},"line":37},"3":{"name":"(anonymous_3)","decl":{"start":{"line":37,"column":58},"end":{"line":37,"column":59}},"loc":{"start":{"line":37,"column":68},"end":{"line":37,"column":80}},"line":37},"4":{"name":"(anonymous_4)","decl":{"start":{"line":50,"column":17},"end":{"line":50,"column":18}},"loc":{"start":{"line":50,"column":23},"end":{"line":50,"column":42}},"line":50},"5":{"name":"(anonymous_5)","decl":{"start":{"line":56,"column":17},"end":{"line":56,"column":18}},"loc":{"start":{"line":56,"column":23},"end":{"line":56,"column":42}},"line":56}},"branchMap":{"0":{"loc":{"start":{"line":2,"column":17},"end":{"line":7,"column":1}},"type":"binary-expr","locations":[{"start":{"line":2,"column":18},"end":{"line":2,"column":22}},{"start":{"line":2,"column":26},"end":{"line":2,"column":41}},{"start":{"line":2,"column":46},"end":{"line":7,"column":1}}],"line":2},"1":{"loc":{"start":{"line":3,"column":34},"end":{"line":3,"column":125}},"type":"cond-expr","locations":[{"start":{"line":3,"column":42},"end":{"line":3,"column":48}},{"start":{"line":3,"column":51},"end":{"line":3,"column":125}}],"line":3},"2":{"loc":{"start":{"line":3,"column":51},"end":{"line":3,"column":125}},"type":"cond-expr","locations":[{"start":{"line":3,"column":67},"end":{"line":3,"column":118}},{"start":{"line":3,"column":121},"end":{"line":3,"column":125}}],"line":3},"3":{"loc":{"start":{"line":4,"column":4},"end":{"line":5,"column":150}},"type":"if","locations":[{"start":{"line":4,"column":4},"end":{"line":5,"column":150}},{"start":{"line":5,"column":9},"end":{"line":5,"column":150}}],"line":4},"4":{"loc":{"start":{"line":4,"column":8},"end":{"line":4,"column":77}},"type":"binary-expr","locations":[{"start":{"line":4,"column":8},"end":{"line":4,"column":35}},{"start":{"line":4,"column":39},"end":{"line":4,"column":77}}],"line":4},"5":{"loc":{"start":{"line":5,"column":58},"end":{"line":5,"column":150}},"type":"if","locations":[{"start":{"line":5,"column":58},"end":{"line":5,"column":150}},{"start":{},"end":{}}],"line":5},"6":{"loc":{"start":{"line":5,"column":85},"end":{"line":5,"column":149}},"type":"binary-expr","locations":[{"start":{"line":5,"column":86},"end":{"line":5,"column":143}},{"start":{"line":5,"column":148},"end":{"line":5,"column":149}}],"line":5},"7":{"loc":{"start":{"line":5,"column":86},"end":{"line":5,"column":143}},"type":"cond-expr","locations":[{"start":{"line":5,"column":94},"end":{"line":5,"column":98}},{"start":{"line":5,"column":101},"end":{"line":5,"column":143}}],"line":5},"8":{"loc":{"start":{"line":5,"column":101},"end":{"line":5,"column":143}},"type":"cond-expr","locations":[{"start":{"line":5,"column":109},"end":{"line":5,"column":126}},{"start":{"line":5,"column":129},"end":{"line":5,"column":143}}],"line":5},"9":{"loc":{"start":{"line":6,"column":11},"end":{"line":6,"column":62}},"type":"binary-expr","locations":[{"start":{"line":6,"column":11},"end":{"line":6,"column":16}},{"start":{"line":6,"column":20},"end":{"line":6,"column":21}},{"start":{"line":6,"column":25},"end":{"line":6,"column":62}}],"line":6},"10":{"loc":{"start":{"line":8,"column":17},"end":{"line":10,"column":1}},"type":"binary-expr","locations":[{"start":{"line":8,"column":18},"end":{"line":8,"column":22}},{"start":{"line":8,"column":26},"end":{"line":8,"column":41}},{"start":{"line":8,"column":46},"end":{"line":10,"column":1}}],"line":8},"11":{"loc":{"start":{"line":9,"column":4},"end":{"line":9,"column":109}},"type":"if","locations":[{"start":{"line":9,"column":4},"end":{"line":9,"column":109}},{"start":{},"end":{}}],"line":9},"12":{"loc":{"start":{"line":9,"column":8},"end":{"line":9,"column":77}},"type":"binary-expr","locations":[{"start":{"line":9,"column":8},"end":{"line":9,"column":35}},{"start":{"line":9,"column":39},"end":{"line":9,"column":77}}],"line":9}},"s":{"0":2,"1":18,"2":18,"3":18,"4":18,"5":0,"6":0,"7":0,"8":0,"9":18,"10":2,"11":16,"12":16,"13":2,"14":2,"15":2,"16":2,"17":2,"18":2,"19":2,"20":2,"21":2,"22":2,"23":4,"24":4,"25":2,"26":2,"27":2,"28":4,"29":2,"30":4,"31":2},"f":{"0":18,"1":16,"2":4,"3":4,"4":4,"5":4},"b":{"0":[2,2,2],"1":[2,16],"2":[0,16],"3":[18,0],"4":[18,18],"5":[0,0],"6":[0,0],"7":[0,0],"8":[0,0],"9":[18,16,0],"10":[2,2,2],"11":[16,0],"12":[16,16]},"inputSourceMap":null,"_coverageSchema":"1a1c01bbd47fc00a2c39e90264f33305004495a9","hash":"22e7de5bbc365c3220c501761f5c9ad482a4b8b6"}
,"/Users/jamalkoukou/Desktop/test/build/routes/authors.route.js": {"path":"/Users/jamalkoukou/Desktop/test/build/routes/authors.route.js","statementMap":{"0":{"start":{"line":2,"column":16},"end":{"line":10,"column":1}},"1":{"start":{"line":3,"column":28},"end":{"line":3,"column":110}},"2":{"start":{"line":3,"column":91},"end":{"line":3,"column":106}},"3":{"start":{"line":4,"column":4},"end":{"line":9,"column":7}},"4":{"start":{"line":5,"column":36},"end":{"line":5,"column":97}},"5":{"start":{"line":5,"column":42},"end":{"line":5,"column":70}},"6":{"start":{"line":5,"column":85},"end":{"line":5,"column":95}},"7":{"start":{"line":6,"column":35},"end":{"line":6,"column":100}},"8":{"start":{"line":6,"column":41},"end":{"line":6,"column":73}},"9":{"start":{"line":6,"column":88},"end":{"line":6,"column":98}},"10":{"start":{"line":7,"column":32},"end":{"line":7,"column":116}},"11":{"start":{"line":8,"column":8},"end":{"line":8,"column":78}},"12":{"start":{"line":11,"column":0},"end":{"line":11,"column":62}},"13":{"start":{"line":12,"column":0},"end":{"line":12,"column":30}},"14":{"start":{"line":13,"column":18},"end":{"line":13,"column":36}},"15":{"start":{"line":14,"column":25},"end":{"line":14,"column":62}},"16":{"start":{"line":15,"column":28},"end":{"line":15,"column":56}},"17":{"start":{"line":16,"column":23},"end":{"line":16,"column":55}},"18":{"start":{"line":19,"column":8},"end":{"line":19,"column":46}},"19":{"start":{"line":20,"column":8},"end":{"line":20,"column":76}},"20":{"start":{"line":21,"column":8},"end":{"line":21,"column":21}},"21":{"start":{"line":24,"column":8},"end":{"line":37,"column":12}},"22":{"start":{"line":24,"column":208},"end":{"line":37,"column":10}},"23":{"start":{"line":25,"column":48},"end":{"line":25,"column":56}},"24":{"start":{"line":26,"column":12},"end":{"line":30,"column":13}},"25":{"start":{"line":27,"column":16},"end":{"line":29,"column":19}},"26":{"start":{"line":31,"column":27},"end":{"line":31,"column":54}},"27":{"start":{"line":32,"column":12},"end":{"line":32,"column":37}},"28":{"start":{"line":33,"column":12},"end":{"line":33,"column":36}},"29":{"start":{"line":34,"column":12},"end":{"line":34,"column":40}},"30":{"start":{"line":35,"column":32},"end":{"line":35,"column":74}},"31":{"start":{"line":36,"column":12},"end":{"line":36,"column":81}},"32":{"start":{"line":40,"column":0},"end":{"line":40,"column":36}}},"fnMap":{"0":{"name":"(anonymous_0)","decl":{"start":{"line":2,"column":44},"end":{"line":2,"column":45}},"loc":{"start":{"line":2,"column":89},"end":{"line":10,"column":1}},"line":2},"1":{"name":"adopt","decl":{"start":{"line":3,"column":13},"end":{"line":3,"column":18}},"loc":{"start":{"line":3,"column":26},"end":{"line":3,"column":112}},"line":3},"2":{"name":"(anonymous_2)","decl":{"start":{"line":3,"column":70},"end":{"line":3,"column":71}},"loc":{"start":{"line":3,"column":89},"end":{"line":3,"column":108}},"line":3},"3":{"name":"(anonymous_3)","decl":{"start":{"line":4,"column":36},"end":{"line":4,"column":37}},"loc":{"start":{"line":4,"column":63},"end":{"line":9,"column":5}},"line":4},"4":{"name":"fulfilled","decl":{"start":{"line":5,"column":17},"end":{"line":5,"column":26}},"loc":{"start":{"line":5,"column":34},"end":{"line":5,"column":99}},"line":5},"5":{"name":"rejected","decl":{"start":{"line":6,"column":17},"end":{"line":6,"column":25}},"loc":{"start":{"line":6,"column":33},"end":{"line":6,"column":102}},"line":6},"6":{"name":"step","decl":{"start":{"line":7,"column":17},"end":{"line":7,"column":21}},"loc":{"start":{"line":7,"column":30},"end":{"line":7,"column":118}},"line":7},"7":{"name":"(anonymous_7)","decl":{"start":{"line":18,"column":4},"end":{"line":18,"column":5}},"loc":{"start":{"line":18,"column":28},"end":{"line":22,"column":5}},"line":18},"8":{"name":"(anonymous_8)","decl":{"start":{"line":23,"column":4},"end":{"line":23,"column":5}},"loc":{"start":{"line":23,"column":12},"end":{"line":38,"column":5}},"line":23},"9":{"name":"(anonymous_9)","decl":{"start":{"line":24,"column":194},"end":{"line":24,"column":195}},"loc":{"start":{"line":24,"column":208},"end":{"line":37,"column":10}},"line":24},"10":{"name":"(anonymous_10)","decl":{"start":{"line":24,"column":240},"end":{"line":24,"column":241}},"loc":{"start":{"line":24,"column":253},"end":{"line":37,"column":9}},"line":24}},"branchMap":{"0":{"loc":{"start":{"line":2,"column":16},"end":{"line":10,"column":1}},"type":"binary-expr","locations":[{"start":{"line":2,"column":17},"end":{"line":2,"column":21}},{"start":{"line":2,"column":25},"end":{"line":2,"column":39}},{"start":{"line":2,"column":44},"end":{"line":10,"column":1}}],"line":2},"1":{"loc":{"start":{"line":3,"column":35},"end":{"line":3,"column":109}},"type":"cond-expr","locations":[{"start":{"line":3,"column":56},"end":{"line":3,"column":61}},{"start":{"line":3,"column":64},"end":{"line":3,"column":109}}],"line":3},"2":{"loc":{"start":{"line":4,"column":16},"end":{"line":4,"column":34}},"type":"binary-expr","locations":[{"start":{"line":4,"column":16},"end":{"line":4,"column":17}},{"start":{"line":4,"column":22},"end":{"line":4,"column":33}}],"line":4},"3":{"loc":{"start":{"line":7,"column":32},"end":{"line":7,"column":115}},"type":"cond-expr","locations":[{"start":{"line":7,"column":46},"end":{"line":7,"column":67}},{"start":{"line":7,"column":70},"end":{"line":7,"column":115}}],"line":7},"4":{"loc":{"start":{"line":8,"column":51},"end":{"line":8,"column":67}},"type":"binary-expr","locations":[{"start":{"line":8,"column":51},"end":{"line":8,"column":61}},{"start":{"line":8,"column":65},"end":{"line":8,"column":67}}],"line":8},"5":{"loc":{"start":{"line":26,"column":12},"end":{"line":30,"column":13}},"type":"if","locations":[{"start":{"line":26,"column":12},"end":{"line":30,"column":13}},{"start":{},"end":{}}],"line":26},"6":{"loc":{"start":{"line":26,"column":16},"end":{"line":26,"column":46}},"type":"binary-expr","locations":[{"start":{"line":26,"column":16},"end":{"line":26,"column":22}},{"start":{"line":26,"column":26},"end":{"line":26,"column":32}},{"start":{"line":26,"column":36},"end":{"line":26,"column":46}}],"line":26}},"s":{"0":2,"1":0,"2":0,"3":0,"4":0,"5":0,"6":0,"7":0,"8":0,"9":0,"10":0,"11":0,"12":2,"13":2,"14":2,"15":2,"16":2,"17":2,"18":2,"19":2,"20":2,"21":2,"22":0,"23":0,"24":0,"25":0,"26":0,"27":0,"28":0,"29":0,"30":0,"31":0,"32":2},"f":{"0":0,"1":0,"2":0,"3":0,"4":0,"5":0,"6":0,"7":2,"8":2,"9":0,"10":0},"b":{"0":[2,2,2],"1":[0,0],"2":[0,0],"3":[0,0],"4":[0,0],"5":[0,0],"6":[0,0,0]},"inputSourceMap":null,"_coverageSchema":"1a1c01bbd47fc00a2c39e90264f33305004495a9","hash":"20705d5209b55519f731f9c0d93b5a5fa600188f"}
,"/Users/jamalkoukou/Desktop/test/build/routes/books.route.js": {"path":"/Users/jamalkoukou/Desktop/test/build/routes/books.route.js","statementMap":{"0":{"start":{"line":2,"column":16},"end":{"line":10,"column":1}},"1":{"start":{"line":3,"column":28},"end":{"line":3,"column":110}},"2":{"start":{"line":3,"column":91},"end":{"line":3,"column":106}},"3":{"start":{"line":4,"column":4},"end":{"line":9,"column":7}},"4":{"start":{"line":5,"column":36},"end":{"line":5,"column":97}},"5":{"start":{"line":5,"column":42},"end":{"line":5,"column":70}},"6":{"start":{"line":5,"column":85},"end":{"line":5,"column":95}},"7":{"start":{"line":6,"column":35},"end":{"line":6,"column":100}},"8":{"start":{"line":6,"column":41},"end":{"line":6,"column":73}},"9":{"start":{"line":6,"column":88},"end":{"line":6,"column":98}},"10":{"start":{"line":7,"column":32},"end":{"line":7,"column":116}},"11":{"start":{"line":8,"column":8},"end":{"line":8,"column":78}},"12":{"start":{"line":11,"column":0},"end":{"line":11,"column":62}},"13":{"start":{"line":12,"column":0},"end":{"line":12,"column":28}},"14":{"start":{"line":13,"column":18},"end":{"line":13,"column":36}},"15":{"start":{"line":14,"column":23},"end":{"line":14,"column":58}},"16":{"start":{"line":15,"column":21},"end":{"line":15,"column":51}},"17":{"start":{"line":16,"column":28},"end":{"line":16,"column":56}},"18":{"start":{"line":17,"column":25},"end":{"line":17,"column":62}},"19":{"start":{"line":20,"column":8},"end":{"line":20,"column":46}},"20":{"start":{"line":21,"column":8},"end":{"line":21,"column":37}},"21":{"start":{"line":22,"column":8},"end":{"line":22,"column":70}},"22":{"start":{"line":23,"column":8},"end":{"line":23,"column":21}},"23":{"start":{"line":26,"column":8},"end":{"line":35,"column":12}},"24":{"start":{"line":26,"column":46},"end":{"line":35,"column":10}},"25":{"start":{"line":27,"column":12},"end":{"line":34,"column":13}},"26":{"start":{"line":28,"column":29},"end":{"line":28,"column":65}},"27":{"start":{"line":29,"column":16},"end":{"line":29,"column":65}},"28":{"start":{"line":32,"column":16},"end":{"line":32,"column":37}},"29":{"start":{"line":33,"column":16},"end":{"line":33,"column":62}},"30":{"start":{"line":36,"column":8},"end":{"line":51,"column":12}},"31":{"start":{"line":36,"column":52},"end":{"line":51,"column":10}},"32":{"start":{"line":37,"column":33},"end":{"line":37,"column":43}},"33":{"start":{"line":38,"column":12},"end":{"line":50,"column":13}},"34":{"start":{"line":39,"column":29},"end":{"line":39,"column":79}},"35":{"start":{"line":40,"column":16},"end":{"line":45,"column":17}},"36":{"start":{"line":41,"column":20},"end":{"line":41,"column":54}},"37":{"start":{"line":44,"column":20},"end":{"line":44,"column":66}},"38":{"start":{"line":48,"column":16},"end":{"line":48,"column":37}},"39":{"start":{"line":49,"column":16},"end":{"line":49,"column":69}},"40":{"start":{"line":52,"column":8},"end":{"line":66,"column":12}},"41":{"start":{"line":52,"column":256},"end":{"line":66,"column":10}},"42":{"start":{"line":53,"column":60},"end":{"line":53,"column":68}},"43":{"start":{"line":55,"column":34},"end":{"line":55,"column":85}},"44":{"start":{"line":56,"column":27},"end":{"line":56,"column":70}},"45":{"start":{"line":57,"column":12},"end":{"line":58,"column":77}},"46":{"start":{"line":58,"column":16},"end":{"line":58,"column":77}},"47":{"start":{"line":59,"column":25},"end":{"line":59,"column":48}},"48":{"start":{"line":60,"column":12},"end":{"line":60,"column":33}},"49":{"start":{"line":61,"column":12},"end":{"line":61,"column":29}},"50":{"start":{"line":62,"column":12},"end":{"line":62,"column":31}},"51":{"start":{"line":63,"column":12},"end":{"line":63,"column":45}},"52":{"start":{"line":64,"column":24},"end":{"line":64,"column":63}},"53":{"start":{"line":65,"column":12},"end":{"line":65,"column":59}},"54":{"start":{"line":67,"column":8},"end":{"line":83,"column":12}},"55":{"start":{"line":67,"column":52},"end":{"line":83,"column":10}},"56":{"start":{"line":68,"column":33},"end":{"line":68,"column":43}},"57":{"start":{"line":69,"column":36},"end":{"line":69,"column":44}},"58":{"start":{"line":70,"column":12},"end":{"line":82,"column":13}},"59":{"start":{"line":71,"column":36},"end":{"line":71,"column":94}},"60":{"start":{"line":72,"column":16},"end":{"line":77,"column":17}},"61":{"start":{"line":73,"column":20},"end":{"line":73,"column":61}},"62":{"start":{"line":76,"column":20},"end":{"line":76,"column":66}},"63":{"start":{"line":80,"column":16},"end":{"line":80,"column":37}},"64":{"start":{"line":81,"column":16},"end":{"line":81,"column":69}},"65":{"start":{"line":84,"column":8},"end":{"line":93,"column":12}},"66":{"start":{"line":84,"column":49},"end":{"line":93,"column":10}},"67":{"start":{"line":85,"column":27},"end":{"line":85,"column":37}},"68":{"start":{"line":86,"column":12},"end":{"line":92,"column":13}},"69":{"start":{"line":87,"column":16},"end":{"line":87,"column":68}},"70":{"start":{"line":90,"column":16},"end":{"line":90,"column":37}},"71":{"start":{"line":91,"column":16},"end":{"line":91,"column":69}},"72":{"start":{"line":96,"column":0},"end":{"line":96,"column":32}}},"fnMap":{"0":{"name":"(anonymous_0)","decl":{"start":{"line":2,"column":44},"end":{"line":2,"column":45}},"loc":{"start":{"line":2,"column":89},"end":{"line":10,"column":1}},"line":2},"1":{"name":"adopt","decl":{"start":{"line":3,"column":13},"end":{"line":3,"column":18}},"loc":{"start":{"line":3,"column":26},"end":{"line":3,"column":112}},"line":3},"2":{"name":"(anonymous_2)","decl":{"start":{"line":3,"column":70},"end":{"line":3,"column":71}},"loc":{"start":{"line":3,"column":89},"end":{"line":3,"column":108}},"line":3},"3":{"name":"(anonymous_3)","decl":{"start":{"line":4,"column":36},"end":{"line":4,"column":37}},"loc":{"start":{"line":4,"column":63},"end":{"line":9,"column":5}},"line":4},"4":{"name":"fulfilled","decl":{"start":{"line":5,"column":17},"end":{"line":5,"column":26}},"loc":{"start":{"line":5,"column":34},"end":{"line":5,"column":99}},"line":5},"5":{"name":"rejected","decl":{"start":{"line":6,"column":17},"end":{"line":6,"column":25}},"loc":{"start":{"line":6,"column":33},"end":{"line":6,"column":102}},"line":6},"6":{"name":"step","decl":{"start":{"line":7,"column":17},"end":{"line":7,"column":21}},"loc":{"start":{"line":7,"column":30},"end":{"line":7,"column":118}},"line":7},"7":{"name":"(anonymous_7)","decl":{"start":{"line":19,"column":4},"end":{"line":19,"column":5}},"loc":{"start":{"line":19,"column":28},"end":{"line":24,"column":5}},"line":19},"8":{"name":"(anonymous_8)","decl":{"start":{"line":25,"column":4},"end":{"line":25,"column":5}},"loc":{"start":{"line":25,"column":12},"end":{"line":94,"column":5}},"line":25},"9":{"name":"(anonymous_9)","decl":{"start":{"line":26,"column":32},"end":{"line":26,"column":33}},"loc":{"start":{"line":26,"column":46},"end":{"line":35,"column":10}},"line":26},"10":{"name":"(anonymous_10)","decl":{"start":{"line":26,"column":78},"end":{"line":26,"column":79}},"loc":{"start":{"line":26,"column":91},"end":{"line":35,"column":9}},"line":26},"11":{"name":"(anonymous_11)","decl":{"start":{"line":36,"column":38},"end":{"line":36,"column":39}},"loc":{"start":{"line":36,"column":52},"end":{"line":51,"column":10}},"line":36},"12":{"name":"(anonymous_12)","decl":{"start":{"line":36,"column":84},"end":{"line":36,"column":85}},"loc":{"start":{"line":36,"column":97},"end":{"line":51,"column":9}},"line":36},"13":{"name":"(anonymous_13)","decl":{"start":{"line":52,"column":242},"end":{"line":52,"column":243}},"loc":{"start":{"line":52,"column":256},"end":{"line":66,"column":10}},"line":52},"14":{"name":"(anonymous_14)","decl":{"start":{"line":52,"column":288},"end":{"line":52,"column":289}},"loc":{"start":{"line":52,"column":301},"end":{"line":66,"column":9}},"line":52},"15":{"name":"(anonymous_15)","decl":{"start":{"line":67,"column":38},"end":{"line":67,"column":39}},"loc":{"start":{"line":67,"column":52},"end":{"line":83,"column":10}},"line":67},"16":{"name":"(anonymous_16)","decl":{"start":{"line":67,"column":84},"end":{"line":67,"column":85}},"loc":{"start":{"line":67,"column":97},"end":{"line":83,"column":9}},"line":67},"17":{"name":"(anonymous_17)","decl":{"start":{"line":84,"column":35},"end":{"line":84,"column":36}},"loc":{"start":{"line":84,"column":49},"end":{"line":93,"column":10}},"line":84},"18":{"name":"(anonymous_18)","decl":{"start":{"line":84,"column":81},"end":{"line":84,"column":82}},"loc":{"start":{"line":84,"column":94},"end":{"line":93,"column":9}},"line":84}},"branchMap":{"0":{"loc":{"start":{"line":2,"column":16},"end":{"line":10,"column":1}},"type":"binary-expr","locations":[{"start":{"line":2,"column":17},"end":{"line":2,"column":21}},{"start":{"line":2,"column":25},"end":{"line":2,"column":39}},{"start":{"line":2,"column":44},"end":{"line":10,"column":1}}],"line":2},"1":{"loc":{"start":{"line":3,"column":35},"end":{"line":3,"column":109}},"type":"cond-expr","locations":[{"start":{"line":3,"column":56},"end":{"line":3,"column":61}},{"start":{"line":3,"column":64},"end":{"line":3,"column":109}}],"line":3},"2":{"loc":{"start":{"line":4,"column":16},"end":{"line":4,"column":34}},"type":"binary-expr","locations":[{"start":{"line":4,"column":16},"end":{"line":4,"column":17}},{"start":{"line":4,"column":22},"end":{"line":4,"column":33}}],"line":4},"3":{"loc":{"start":{"line":7,"column":32},"end":{"line":7,"column":115}},"type":"cond-expr","locations":[{"start":{"line":7,"column":46},"end":{"line":7,"column":67}},{"start":{"line":7,"column":70},"end":{"line":7,"column":115}}],"line":7},"4":{"loc":{"start":{"line":8,"column":51},"end":{"line":8,"column":67}},"type":"binary-expr","locations":[{"start":{"line":8,"column":51},"end":{"line":8,"column":61}},{"start":{"line":8,"column":65},"end":{"line":8,"column":67}}],"line":8},"5":{"loc":{"start":{"line":40,"column":16},"end":{"line":45,"column":17}},"type":"if","locations":[{"start":{"line":40,"column":16},"end":{"line":45,"column":17}},{"start":{"line":43,"column":21},"end":{"line":45,"column":17}}],"line":40},"6":{"loc":{"start":{"line":57,"column":12},"end":{"line":58,"column":77}},"type":"if","locations":[{"start":{"line":57,"column":12},"end":{"line":58,"column":77}},{"start":{},"end":{}}],"line":57},"7":{"loc":{"start":{"line":72,"column":16},"end":{"line":77,"column":17}},"type":"if","locations":[{"start":{"line":72,"column":16},"end":{"line":77,"column":17}},{"start":{"line":75,"column":21},"end":{"line":77,"column":17}}],"line":72}},"s":{"0":2,"1":2,"2":0,"3":2,"4":2,"5":2,"6":0,"7":0,"8":0,"9":0,"10":4,"11":2,"12":2,"13":2,"14":2,"15":2,"16":2,"17":2,"18":2,"19":2,"20":2,"21":2,"22":2,"23":2,"24":1,"25":1,"26":1,"27":1,"28":0,"29":0,"30":2,"31":1,"32":1,"33":1,"34":1,"35":1,"36":1,"37":0,"38":0,"39":0,"40":2,"41":0,"42":0,"43":0,"44":0,"45":0,"46":0,"47":0,"48":0,"49":0,"50":0,"51":0,"52":0,"53":0,"54":2,"55":0,"56":0,"57":0,"58":0,"59":0,"60":0,"61":0,"62":0,"63":0,"64":0,"65":2,"66":0,"67":0,"68":0,"69":0,"70":0,"71":0,"72":2},"f":{"0":2,"1":2,"2":0,"3":2,"4":2,"5":0,"6":4,"7":2,"8":2,"9":1,"10":1,"11":1,"12":1,"13":0,"14":0,"15":0,"16":0,"17":0,"18":0},"b":{"0":[2,2,2],"1":[2,0],"2":[2,2],"3":[2,2],"4":[2,2],"5":[1,0],"6":[0,0],"7":[0,0]},"inputSourceMap":null,"_coverageSchema":"1a1c01bbd47fc00a2c39e90264f33305004495a9","hash":"81c99c25be1b7a556b8d8341b90208bbd00b18b6"}
,"/Users/jamalkoukou/Desktop/test/build/services/author.service.js": {"path":"/Users/jamalkoukou/Desktop/test/build/services/author.service.js","statementMap":{"0":{"start":{"line":2,"column":16},"end":{"line":10,"column":1}},"1":{"start":{"line":3,"column":28},"end":{"line":3,"column":110}},"2":{"start":{"line":3,"column":91},"end":{"line":3,"column":106}},"3":{"start":{"line":4,"column":4},"end":{"line":9,"column":7}},"4":{"start":{"line":5,"column":36},"end":{"line":5,"column":97}},"5":{"start":{"line":5,"column":42},"end":{"line":5,"column":70}},"6":{"start":{"line":5,"column":85},"end":{"line":5,"column":95}},"7":{"start":{"line":6,"column":35},"end":{"line":6,"column":100}},"8":{"start":{"line":6,"column":41},"end":{"line":6,"column":73}},"9":{"start":{"line":6,"column":88},"end":{"line":6,"column":98}},"10":{"start":{"line":7,"column":32},"end":{"line":7,"column":116}},"11":{"start":{"line":8,"column":8},"end":{"line":8,"column":78}},"12":{"start":{"line":11,"column":0},"end":{"line":11,"column":62}},"13":{"start":{"line":12,"column":0},"end":{"line":12,"column":31}},"14":{"start":{"line":13,"column":23},"end":{"line":13,"column":55}},"15":{"start":{"line":16,"column":8},"end":{"line":16,"column":37}},"16":{"start":{"line":19,"column":8},"end":{"line":21,"column":11}},"17":{"start":{"line":20,"column":12},"end":{"line":20,"column":86}},"18":{"start":{"line":24,"column":8},"end":{"line":31,"column":11}},"19":{"start":{"line":26,"column":12},"end":{"line":26,"column":111}},"20":{"start":{"line":27,"column":12},"end":{"line":29,"column":13}},"21":{"start":{"line":28,"column":16},"end":{"line":28,"column":28}},"22":{"start":{"line":30,"column":12},"end":{"line":30,"column":26}},"23":{"start":{"line":34,"column":0},"end":{"line":34,"column":38}}},"fnMap":{"0":{"name":"(anonymous_0)","decl":{"start":{"line":2,"column":44},"end":{"line":2,"column":45}},"loc":{"start":{"line":2,"column":89},"end":{"line":10,"column":1}},"line":2},"1":{"name":"adopt","decl":{"start":{"line":3,"column":13},"end":{"line":3,"column":18}},"loc":{"start":{"line":3,"column":26},"end":{"line":3,"column":112}},"line":3},"2":{"name":"(anonymous_2)","decl":{"start":{"line":3,"column":70},"end":{"line":3,"column":71}},"loc":{"start":{"line":3,"column":89},"end":{"line":3,"column":108}},"line":3},"3":{"name":"(anonymous_3)","decl":{"start":{"line":4,"column":36},"end":{"line":4,"column":37}},"loc":{"start":{"line":4,"column":63},"end":{"line":9,"column":5}},"line":4},"4":{"name":"fulfilled","decl":{"start":{"line":5,"column":17},"end":{"line":5,"column":26}},"loc":{"start":{"line":5,"column":34},"end":{"line":5,"column":99}},"line":5},"5":{"name":"rejected","decl":{"start":{"line":6,"column":17},"end":{"line":6,"column":25}},"loc":{"start":{"line":6,"column":33},"end":{"line":6,"column":102}},"line":6},"6":{"name":"step","decl":{"start":{"line":7,"column":17},"end":{"line":7,"column":21}},"loc":{"start":{"line":7,"column":30},"end":{"line":7,"column":118}},"line":7},"7":{"name":"(anonymous_7)","decl":{"start":{"line":15,"column":4},"end":{"line":15,"column":5}},"loc":{"start":{"line":15,"column":28},"end":{"line":17,"column":5}},"line":15},"8":{"name":"(anonymous_8)","decl":{"start":{"line":18,"column":4},"end":{"line":18,"column":5}},"loc":{"start":{"line":18,"column":23},"end":{"line":22,"column":5}},"line":18},"9":{"name":"(anonymous_9)","decl":{"start":{"line":19,"column":47},"end":{"line":19,"column":48}},"loc":{"start":{"line":19,"column":60},"end":{"line":21,"column":9}},"line":19},"10":{"name":"(anonymous_10)","decl":{"start":{"line":23,"column":4},"end":{"line":23,"column":5}},"loc":{"start":{"line":23,"column":22},"end":{"line":32,"column":5}},"line":23},"11":{"name":"(anonymous_11)","decl":{"start":{"line":24,"column":47},"end":{"line":24,"column":48}},"loc":{"start":{"line":24,"column":60},"end":{"line":31,"column":9}},"line":24}},"branchMap":{"0":{"loc":{"start":{"line":2,"column":16},"end":{"line":10,"column":1}},"type":"binary-expr","locations":[{"start":{"line":2,"column":17},"end":{"line":2,"column":21}},{"start":{"line":2,"column":25},"end":{"line":2,"column":39}},{"start":{"line":2,"column":44},"end":{"line":10,"column":1}}],"line":2},"1":{"loc":{"start":{"line":3,"column":35},"end":{"line":3,"column":109}},"type":"cond-expr","locations":[{"start":{"line":3,"column":56},"end":{"line":3,"column":61}},{"start":{"line":3,"column":64},"end":{"line":3,"column":109}}],"line":3},"2":{"loc":{"start":{"line":4,"column":16},"end":{"line":4,"column":34}},"type":"binary-expr","locations":[{"start":{"line":4,"column":16},"end":{"line":4,"column":17}},{"start":{"line":4,"column":22},"end":{"line":4,"column":33}}],"line":4},"3":{"loc":{"start":{"line":7,"column":32},"end":{"line":7,"column":115}},"type":"cond-expr","locations":[{"start":{"line":7,"column":46},"end":{"line":7,"column":67}},{"start":{"line":7,"column":70},"end":{"line":7,"column":115}}],"line":7},"4":{"loc":{"start":{"line":8,"column":51},"end":{"line":8,"column":67}},"type":"binary-expr","locations":[{"start":{"line":8,"column":51},"end":{"line":8,"column":61}},{"start":{"line":8,"column":65},"end":{"line":8,"column":67}}],"line":8},"5":{"loc":{"start":{"line":27,"column":12},"end":{"line":29,"column":13}},"type":"if","locations":[{"start":{"line":27,"column":12},"end":{"line":29,"column":13}},{"start":{},"end":{}}],"line":27}},"s":{"0":2,"1":0,"2":0,"3":0,"4":0,"5":0,"6":0,"7":0,"8":0,"9":0,"10":0,"11":0,"12":2,"13":2,"14":2,"15":2,"16":0,"17":0,"18":0,"19":0,"20":0,"21":0,"22":0,"23":2},"f":{"0":0,"1":0,"2":0,"3":0,"4":0,"5":0,"6":0,"7":2,"8":0,"9":0,"10":0,"11":0},"b":{"0":[2,2,2],"1":[0,0],"2":[0,0],"3":[0,0],"4":[0,0],"5":[0,0]},"inputSourceMap":null,"_coverageSchema":"1a1c01bbd47fc00a2c39e90264f33305004495a9","hash":"2c0c0a61d0bc1a92af93feb438efc6e35da75d50"}
,"/Users/jamalkoukou/Desktop/test/build/services/book.service.js": {"path":"/Users/jamalkoukou/Desktop/test/build/services/book.service.js","statementMap":{"0":{"start":{"line":2,"column":16},"end":{"line":10,"column":1}},"1":{"start":{"line":3,"column":28},"end":{"line":3,"column":110}},"2":{"start":{"line":3,"column":91},"end":{"line":3,"column":106}},"3":{"start":{"line":4,"column":4},"end":{"line":9,"column":7}},"4":{"start":{"line":5,"column":36},"end":{"line":5,"column":97}},"5":{"start":{"line":5,"column":42},"end":{"line":5,"column":70}},"6":{"start":{"line":5,"column":85},"end":{"line":5,"column":95}},"7":{"start":{"line":6,"column":35},"end":{"line":6,"column":100}},"8":{"start":{"line":6,"column":41},"end":{"line":6,"column":73}},"9":{"start":{"line":6,"column":88},"end":{"line":6,"column":98}},"10":{"start":{"line":7,"column":32},"end":{"line":7,"column":116}},"11":{"start":{"line":8,"column":8},"end":{"line":8,"column":78}},"12":{"start":{"line":11,"column":22},"end":{"line":13,"column":1}},"13":{"start":{"line":12,"column":4},"end":{"line":12,"column":62}},"14":{"start":{"line":14,"column":0},"end":{"line":14,"column":62}},"15":{"start":{"line":15,"column":0},"end":{"line":15,"column":29}},"16":{"start":{"line":16,"column":21},"end":{"line":16,"column":51}},"17":{"start":{"line":17,"column":17},"end":{"line":17,"column":51}},"18":{"start":{"line":19,"column":0},"end":{"line":19,"column":26}},"19":{"start":{"line":22,"column":8},"end":{"line":22,"column":37}},"20":{"start":{"line":26,"column":8},"end":{"line":29,"column":11}},"21":{"start":{"line":27,"column":25},"end":{"line":27,"column":90}},"22":{"start":{"line":28,"column":12},"end":{"line":28,"column":85}},"23":{"start":{"line":33,"column":8},"end":{"line":35,"column":11}},"24":{"start":{"line":34,"column":12},"end":{"line":34,"column":75}},"25":{"start":{"line":38,"column":8},"end":{"line":54,"column":11}},"26":{"start":{"line":40,"column":12},"end":{"line":47,"column":13}},"27":{"start":{"line":42,"column":16},"end":{"line":42,"column":123}},"28":{"start":{"line":46,"column":16},"end":{"line":46,"column":125}},"29":{"start":{"line":48,"column":12},"end":{"line":50,"column":13}},"30":{"start":{"line":49,"column":16},"end":{"line":49,"column":28}},"31":{"start":{"line":51,"column":12},"end":{"line":51,"column":53}},"32":{"start":{"line":52,"column":12},"end":{"line":52,"column":86}},"33":{"start":{"line":53,"column":12},"end":{"line":53,"column":32}},"34":{"start":{"line":57,"column":8},"end":{"line":71,"column":11}},"35":{"start":{"line":59,"column":12},"end":{"line":66,"column":13}},"36":{"start":{"line":61,"column":16},"end":{"line":61,"column":115}},"37":{"start":{"line":65,"column":16},"end":{"line":65,"column":117}},"38":{"start":{"line":67,"column":12},"end":{"line":69,"column":13}},"39":{"start":{"line":68,"column":16},"end":{"line":68,"column":28}},"40":{"start":{"line":70,"column":12},"end":{"line":70,"column":24}},"41":{"start":{"line":74,"column":8},"end":{"line":82,"column":11}},"42":{"start":{"line":75,"column":12},"end":{"line":81,"column":13}},"43":{"start":{"line":76,"column":16},"end":{"line":76,"column":82}},"44":{"start":{"line":79,"column":16},"end":{"line":79,"column":67}},"45":{"start":{"line":80,"column":16},"end":{"line":80,"column":28}},"46":{"start":{"line":85,"column":0},"end":{"line":85,"column":34}}},"fnMap":{"0":{"name":"(anonymous_0)","decl":{"start":{"line":2,"column":44},"end":{"line":2,"column":45}},"loc":{"start":{"line":2,"column":89},"end":{"line":10,"column":1}},"line":2},"1":{"name":"adopt","decl":{"start":{"line":3,"column":13},"end":{"line":3,"column":18}},"loc":{"start":{"line":3,"column":26},"end":{"line":3,"column":112}},"line":3},"2":{"name":"(anonymous_2)","decl":{"start":{"line":3,"column":70},"end":{"line":3,"column":71}},"loc":{"start":{"line":3,"column":89},"end":{"line":3,"column":108}},"line":3},"3":{"name":"(anonymous_3)","decl":{"start":{"line":4,"column":36},"end":{"line":4,"column":37}},"loc":{"start":{"line":4,"column":63},"end":{"line":9,"column":5}},"line":4},"4":{"name":"fulfilled","decl":{"start":{"line":5,"column":17},"end":{"line":5,"column":26}},"loc":{"start":{"line":5,"column":34},"end":{"line":5,"column":99}},"line":5},"5":{"name":"rejected","decl":{"start":{"line":6,"column":17},"end":{"line":6,"column":25}},"loc":{"start":{"line":6,"column":33},"end":{"line":6,"column":102}},"line":6},"6":{"name":"step","decl":{"start":{"line":7,"column":17},"end":{"line":7,"column":21}},"loc":{"start":{"line":7,"column":30},"end":{"line":7,"column":118}},"line":7},"7":{"name":"(anonymous_7)","decl":{"start":{"line":11,"column":56},"end":{"line":11,"column":57}},"loc":{"start":{"line":11,"column":71},"end":{"line":13,"column":1}},"line":11},"8":{"name":"(anonymous_8)","decl":{"start":{"line":21,"column":4},"end":{"line":21,"column":5}},"loc":{"start":{"line":21,"column":28},"end":{"line":23,"column":5}},"line":21},"9":{"name":"(anonymous_9)","decl":{"start":{"line":25,"column":4},"end":{"line":25,"column":5}},"loc":{"start":{"line":25,"column":25},"end":{"line":30,"column":5}},"line":25},"10":{"name":"(anonymous_10)","decl":{"start":{"line":26,"column":47},"end":{"line":26,"column":48}},"loc":{"start":{"line":26,"column":60},"end":{"line":29,"column":9}},"line":26},"11":{"name":"(anonymous_11)","decl":{"start":{"line":32,"column":4},"end":{"line":32,"column":5}},"loc":{"start":{"line":32,"column":18},"end":{"line":36,"column":5}},"line":32},"12":{"name":"(anonymous_12)","decl":{"start":{"line":33,"column":47},"end":{"line":33,"column":48}},"loc":{"start":{"line":33,"column":60},"end":{"line":35,"column":9}},"line":33},"13":{"name":"(anonymous_13)","decl":{"start":{"line":37,"column":4},"end":{"line":37,"column":5}},"loc":{"start":{"line":37,"column":36},"end":{"line":55,"column":5}},"line":37},"14":{"name":"(anonymous_14)","decl":{"start":{"line":38,"column":47},"end":{"line":38,"column":48}},"loc":{"start":{"line":38,"column":60},"end":{"line":54,"column":9}},"line":38},"15":{"name":"(anonymous_15)","decl":{"start":{"line":56,"column":4},"end":{"line":56,"column":5}},"loc":{"start":{"line":56,"column":32},"end":{"line":72,"column":5}},"line":56},"16":{"name":"(anonymous_16)","decl":{"start":{"line":57,"column":47},"end":{"line":57,"column":48}},"loc":{"start":{"line":57,"column":60},"end":{"line":71,"column":9}},"line":57},"17":{"name":"(anonymous_17)","decl":{"start":{"line":73,"column":4},"end":{"line":73,"column":5}},"loc":{"start":{"line":73,"column":23},"end":{"line":83,"column":5}},"line":73},"18":{"name":"(anonymous_18)","decl":{"start":{"line":74,"column":47},"end":{"line":74,"column":48}},"loc":{"start":{"line":74,"column":60},"end":{"line":82,"column":9}},"line":74}},"branchMap":{"0":{"loc":{"start":{"line":2,"column":16},"end":{"line":10,"column":1}},"type":"binary-expr","locations":[{"start":{"line":2,"column":17},"end":{"line":2,"column":21}},{"start":{"line":2,"column":25},"end":{"line":2,"column":39}},{"start":{"line":2,"column":44},"end":{"line":10,"column":1}}],"line":2},"1":{"loc":{"start":{"line":3,"column":35},"end":{"line":3,"column":109}},"type":"cond-expr","locations":[{"start":{"line":3,"column":56},"end":{"line":3,"column":61}},{"start":{"line":3,"column":64},"end":{"line":3,"column":109}}],"line":3},"2":{"loc":{"start":{"line":4,"column":16},"end":{"line":4,"column":34}},"type":"binary-expr","locations":[{"start":{"line":4,"column":16},"end":{"line":4,"column":17}},{"start":{"line":4,"column":22},"end":{"line":4,"column":33}}],"line":4},"3":{"loc":{"start":{"line":7,"column":32},"end":{"line":7,"column":115}},"type":"cond-expr","locations":[{"start":{"line":7,"column":46},"end":{"line":7,"column":67}},{"start":{"line":7,"column":70},"end":{"line":7,"column":115}}],"line":7},"4":{"loc":{"start":{"line":8,"column":51},"end":{"line":8,"column":67}},"type":"binary-expr","locations":[{"start":{"line":8,"column":51},"end":{"line":8,"column":61}},{"start":{"line":8,"column":65},"end":{"line":8,"column":67}}],"line":8},"5":{"loc":{"start":{"line":11,"column":22},"end":{"line":13,"column":1}},"type":"binary-expr","locations":[{"start":{"line":11,"column":23},"end":{"line":11,"column":27}},{"start":{"line":11,"column":31},"end":{"line":11,"column":51}},{"start":{"line":11,"column":56},"end":{"line":13,"column":1}}],"line":11},"6":{"loc":{"start":{"line":12,"column":11},"end":{"line":12,"column":61}},"type":"cond-expr","locations":[{"start":{"line":12,"column":37},"end":{"line":12,"column":40}},{"start":{"line":12,"column":43},"end":{"line":12,"column":61}}],"line":12},"7":{"loc":{"start":{"line":12,"column":12},"end":{"line":12,"column":33}},"type":"binary-expr","locations":[{"start":{"line":12,"column":12},"end":{"line":12,"column":15}},{"start":{"line":12,"column":19},"end":{"line":12,"column":33}}],"line":12},"8":{"loc":{"start":{"line":40,"column":12},"end":{"line":47,"column":13}},"type":"if","locations":[{"start":{"line":40,"column":12},"end":{"line":47,"column":13}},{"start":{"line":44,"column":17},"end":{"line":47,"column":13}}],"line":40},"9":{"loc":{"start":{"line":48,"column":12},"end":{"line":50,"column":13}},"type":"if","locations":[{"start":{"line":48,"column":12},"end":{"line":50,"column":13}},{"start":{},"end":{}}],"line":48},"10":{"loc":{"start":{"line":59,"column":12},"end":{"line":66,"column":13}},"type":"if","locations":[{"start":{"line":59,"column":12},"end":{"line":66,"column":13}},{"start":{"line":63,"column":17},"end":{"line":66,"column":13}}],"line":59},"11":{"loc":{"start":{"line":67,"column":12},"end":{"line":69,"column":13}},"type":"if","locations":[{"start":{"line":67,"column":12},"end":{"line":69,"column":13}},{"start":{},"end":{}}],"line":67}},"s":{"0":2,"1":1,"2":0,"3":2,"4":1,"5":1,"6":0,"7":0,"8":0,"9":0,"10":3,"11":2,"12":2,"13":2,"14":2,"15":2,"16":2,"17":2,"18":2,"19":2,"20":0,"21":0,"22":0,"23":1,"24":1,"25":0,"26":0,"27":0,"28":0,"29":0,"30":0,"31":0,"32":0,"33":0,"34":1,"35":1,"36":0,"37":1,"38":1,"39":0,"40":1,"41":0,"42":0,"43":0,"44":0,"45":0,"46":2},"f":{"0":2,"1":1,"2":0,"3":2,"4":1,"5":0,"6":3,"7":2,"8":2,"9":0,"10":0,"11":1,"12":1,"13":0,"14":0,"15":1,"16":1,"17":0,"18":0},"b":{"0":[2,2,2],"1":[1,0],"2":[2,2],"3":[2,1],"4":[2,2],"5":[2,2,2],"6":[0,2],"7":[2,2],"8":[0,0],"9":[0,0],"10":[0,1],"11":[0,1]},"inputSourceMap":null,"_coverageSchema":"1a1c01bbd47fc00a2c39e90264f33305004495a9","hash":"d19e8e63fda6918a056c909c6aae88f1c934bb33"}
,"/Users/jamalkoukou/Desktop/test/model/author.model.ts": {"path":"/Users/jamalkoukou/Desktop/test/model/author.model.ts","statementMap":{"0":{"start":{"line":1,"column":0},"end":{"line":1,"column":83}},"1":{"start":{"line":2,"column":0},"end":{"line":2,"column":36}},"2":{"start":{"line":5,"column":7},"end":{"line":16,"column":null}},"3":{"start":{"line":5,"column":13},"end":{"line":5,"column":19}},"4":{"start":{"line":7,"column":4},"end":{"line":7,"column":null}},"5":{"start":{"line":9,"column":4},"end":{"line":9,"column":null}},"6":{"start":{"line":11,"column":4},"end":{"line":11,"column":null}},"7":{"start":{"line":13,"column":4},"end":{"line":13,"column":null}},"8":{"start":{"line":15,"column":4},"end":{"line":15,"column":null}},"9":{"start":{"line":14,"column":21},"end":{"line":14,"column":25}},"10":{"start":{"line":14,"column":35},"end":{"line":14,"column":46}},"11":{"start":{"line":5,"column":13},"end":{"line":16,"column":null}}},"fnMap":{"0":{"name":"(anonymous_2)","decl":{"start":{"line":14,"column":15},"end":{"line":14,"column":18}},"loc":{"start":{"line":14,"column":21},"end":{"line":14,"column":25}}},"1":{"name":"(anonymous_3)","decl":{"start":{"line":14,"column":27},"end":{"line":14,"column":31}},"loc":{"start":{"line":14,"column":35},"end":{"line":14,"column":46}}}},"branchMap":{},"s":{"0":1,"1":1,"2":1,"3":1,"4":1,"5":1,"6":1,"7":1,"8":1,"9":3,"10":3,"11":1},"f":{"0":3,"1":3},"b":{}}
,"/Users/jamalkoukou/Desktop/test/model/book.model.ts": {"path":"/Users/jamalkoukou/Desktop/test/model/book.model.ts","statementMap":{"0":{"start":{"line":6,"column":0},"end":{"line":6,"column":83}},"1":{"start":{"line":7,"column":0},"end":{"line":7,"column":40}},"2":{"start":{"line":11,"column":7},"end":{"line":44,"column":null}},"3":{"start":{"line":11,"column":13},"end":{"line":11,"column":17}},"4":{"start":{"line":13,"column":4},"end":{"line":13,"column":null}},"5":{"start":{"line":16,"column":4},"end":{"line":16,"column":null}},"6":{"start":{"line":19,"column":4},"end":{"line":19,"column":null}},"7":{"start":{"line":22,"column":4},"end":{"line":22,"column":null}},"8":{"start":{"line":21,"column":21},"end":{"line":21,"column":27}},"9":{"start":{"line":21,"column":39},"end":{"line":21,"column":51}},"10":{"start":{"line":25,"column":4},"end":{"line":25,"column":null}},"11":{"start":{"line":30,"column":4},"end":{"line":30,"column":null}},"12":{"start":{"line":35,"column":4},"end":{"line":35,"column":null}},"13":{"start":{"line":33,"column":23},"end":{"line":33,"column":42}},"14":{"start":{"line":40,"column":4},"end":{"line":40,"column":null}},"15":{"start":{"line":38,"column":23},"end":{"line":38,"column":42}},"16":{"start":{"line":11,"column":13},"end":{"line":44,"column":null}}},"fnMap":{"0":{"name":"(anonymous_2)","decl":{"start":{"line":21,"column":15},"end":{"line":21,"column":18}},"loc":{"start":{"line":21,"column":21},"end":{"line":21,"column":27}}},"1":{"name":"(anonymous_3)","decl":{"start":{"line":21,"column":29},"end":{"line":21,"column":35}},"loc":{"start":{"line":21,"column":39},"end":{"line":21,"column":51}}},"2":{"name":"(anonymous_4)","decl":{"start":{"line":33,"column":17},"end":{"line":33,"column":20}},"loc":{"start":{"line":33,"column":23},"end":{"line":33,"column":42}}},"3":{"name":"(anonymous_5)","decl":{"start":{"line":38,"column":17},"end":{"line":38,"column":20}},"loc":{"start":{"line":38,"column":23},"end":{"line":38,"column":42}}}},"branchMap":{},"s":{"0":1,"1":1,"2":1,"3":1,"4":1,"5":1,"6":1,"7":1,"8":3,"9":3,"10":1,"11":1,"12":1,"13":3,"14":1,"15":3,"16":1},"f":{"0":3,"1":3,"2":3,"3":3},"b":{}}
,"/Users/jamalkoukou/Desktop/test/routes/authors.route.ts": {"path":"/Users/jamalkoukou/Desktop/test/routes/authors.route.ts","statementMap":{"0":{"start":{"line":1,"column":0},"end":{"line":1,"column":33}},"1":{"start":{"line":2,"column":0},"end":{"line":2,"column":59}},"2":{"start":{"line":3,"column":0},"end":{"line":3,"column":41}},"3":{"start":{"line":4,"column":0},"end":{"line":4,"column":47}},"4":{"start":{"line":8,"column":11},"end":{"line":8,"column":29}},"5":{"start":{"line":13,"column":8},"end":{"line":13,"column":59}},"6":{"start":{"line":14,"column":8},"end":{"line":14,"column":null}},"7":{"start":{"line":18,"column":8},"end":{"line":35,"column":null}},"8":{"start":{"line":18,"column":131},"end":{"line":35,"column":10}},"9":{"start":{"line":19,"column":42},"end":{"line":19,"column":50}},"10":{"start":{"line":21,"column":12},"end":{"line":25,"column":13}},"11":{"start":{"line":22,"column":16},"end":{"line":24,"column":null}},"12":{"start":{"line":27,"column":25},"end":{"line":27,"column":37}},"13":{"start":{"line":28,"column":12},"end":{"line":28,"column":35}},"14":{"start":{"line":29,"column":12},"end":{"line":29,"column":34}},"15":{"start":{"line":30,"column":12},"end":{"line":30,"column":38}},"16":{"start":{"line":32,"column":29},"end":{"line":32,"column":71}},"17":{"start":{"line":33,"column":10},"end":{"line":33,"column":null}},"18":{"start":{"line":7,"column":0},"end":{"line":7,"column":13}}},"fnMap":{"0":{"name":"(anonymous_7)","decl":{"start":{"line":11,"column":4},"end":{"line":11,"column":16}},"loc":{"start":{"line":11,"column":38},"end":{"line":15,"column":5}}},"1":{"name":"(anonymous_8)","decl":{"start":{"line":17,"column":12},"end":{"line":17,"column":17}},"loc":{"start":{"line":17,"column":17},"end":{"line":36,"column":5}}},"2":{"name":"(anonymous_9)","decl":{"start":{"line":18,"column":115},"end":{"line":18,"column":121}},"loc":{"start":{"line":18,"column":131},"end":{"line":35,"column":10}}},"3":{"name":"(anonymous_10)","decl":{"start":{"line":18,"column":131},"end":{"line":18,"column":null}},"loc":{"start":{"line":18,"column":131},"end":{"line":35,"column":9}}}},"branchMap":{"0":{"loc":{"start":{"line":21,"column":12},"end":{"line":25,"column":13}},"type":"if","locations":[{"start":{"line":21,"column":12},"end":{"line":25,"column":13}}]},"1":{"loc":{"start":{"line":21,"column":16},"end":{"line":21,"column":42}},"type":"binary-expr","locations":[{"start":{"line":21,"column":16},"end":{"line":21,"column":22}},{"start":{"line":21,"column":24},"end":{"line":21,"column":30}},{"start":{"line":21,"column":32},"end":{"line":21,"column":42}}]}},"s":{"0":1,"1":1,"2":1,"3":1,"4":1,"5":1,"6":1,"7":1,"8":0,"9":0,"10":0,"11":0,"12":0,"13":0,"14":0,"15":0,"16":0,"17":0,"18":1},"f":{"0":1,"1":1,"2":0,"3":0},"b":{"0":[0],"1":[0,0,0]}}
,"/Users/jamalkoukou/Desktop/test/routes/books.route.ts": {"path":"/Users/jamalkoukou/Desktop/test/routes/books.route.ts","statementMap":{"0":{"start":{"line":1,"column":0},"end":{"line":1,"column":33}},"1":{"start":{"line":2,"column":0},"end":{"line":2,"column":55}},"2":{"start":{"line":3,"column":0},"end":{"line":3,"column":43}},"3":{"start":{"line":5,"column":0},"end":{"line":5,"column":41}},"4":{"start":{"line":6,"column":0},"end":{"line":6,"column":59}},"5":{"start":{"line":10,"column":9},"end":{"line":10,"column":27}},"6":{"start":{"line":16,"column":4},"end":{"line":16,"column":33}},"7":{"start":{"line":17,"column":4},"end":{"line":17,"column":51}},"8":{"start":{"line":18,"column":4},"end":{"line":18,"column":17}},"9":{"start":{"line":24,"column":4},"end":{"line":34,"column":null}},"10":{"start":{"line":24,"column":48},"end":{"line":34,"column":4}},"11":{"start":{"line":25,"column":6},"end":{"line":33,"column":7}},"12":{"start":{"line":27,"column":19},"end":{"line":27,"column":55}},"13":{"start":{"line":28,"column":8},"end":{"line":28,"column":null}},"14":{"start":{"line":31,"column":14},"end":{"line":31,"column":35}},"15":{"start":{"line":32,"column":10},"end":{"line":32,"column":56}},"16":{"start":{"line":36,"column":2},"end":{"line":50,"column":3}},"17":{"start":{"line":36,"column":51},"end":{"line":50,"column":2}},"18":{"start":{"line":37,"column":25},"end":{"line":37,"column":35}},"19":{"start":{"line":38,"column":4},"end":{"line":49,"column":7}},"20":{"start":{"line":39,"column":21},"end":{"line":39,"column":71}},"21":{"start":{"line":41,"column":8},"end":{"line":45,"column":9}},"22":{"start":{"line":42,"column":10},"end":{"line":42,"column":44}},"23":{"start":{"line":44,"column":10},"end":{"line":44,"column":56}},"24":{"start":{"line":47,"column":8},"end":{"line":47,"column":29}},"25":{"start":{"line":48,"column":8},"end":{"line":48,"column":61}},"26":{"start":{"line":52,"column":0},"end":{"line":70,"column":3}},"27":{"start":{"line":52,"column":152},"end":{"line":70,"column":2}},"28":{"start":{"line":54,"column":43},"end":{"line":54,"column":51}},"29":{"start":{"line":56,"column":24},"end":{"line":56,"column":58}},"30":{"start":{"line":58,"column":15},"end":{"line":58,"column":58}},"31":{"start":{"line":60,"column":2},"end":{"line":60,"column":null}},"32":{"start":{"line":60,"column":14},"end":{"line":60,"column":null}},"33":{"start":{"line":62,"column":15},"end":{"line":62,"column":25}},"34":{"start":{"line":63,"column":2},"end":{"line":63,"column":24}},"35":{"start":{"line":64,"column":2},"end":{"line":64,"column":19}},"36":{"start":{"line":65,"column":2},"end":{"line":65,"column":null}},"37":{"start":{"line":66,"column":2},"end":{"line":66,"column":null}},"38":{"start":{"line":68,"column":14},"end":{"line":68,"column":53}},"39":{"start":{"line":69,"column":2},"end":{"line":69,"column":46}},"40":{"start":{"line":74,"column":0},"end":{"line":90,"column":3}},"41":{"start":{"line":74,"column":49},"end":{"line":90,"column":2}},"42":{"start":{"line":75,"column":23},"end":{"line":75,"column":33}},"43":{"start":{"line":76,"column":26},"end":{"line":76,"column":34}},"44":{"start":{"line":78,"column":2},"end":{"line":89,"column":5}},"45":{"start":{"line":79,"column":26},"end":{"line":79,"column":84}},"46":{"start":{"line":81,"column":6},"end":{"line":85,"column":7}},"47":{"start":{"line":82,"column":8},"end":{"line":82,"column":49}},"48":{"start":{"line":84,"column":8},"end":{"line":84,"column":54}},"49":{"start":{"line":87,"column":6},"end":{"line":87,"column":27}},"50":{"start":{"line":88,"column":6},"end":{"line":88,"column":59}},"51":{"start":{"line":93,"column":0},"end":{"line":103,"column":3}},"52":{"start":{"line":93,"column":46},"end":{"line":103,"column":2}},"53":{"start":{"line":94,"column":17},"end":{"line":94,"column":27}},"54":{"start":{"line":96,"column":2},"end":{"line":101,"column":3}},"55":{"start":{"line":97,"column":4},"end":{"line":97,"column":null}},"56":{"start":{"line":99,"column":4},"end":{"line":99,"column":25}},"57":{"start":{"line":100,"column":4},"end":{"line":100,"column":57}},"58":{"start":{"line":8,"column":0},"end":{"line":8,"column":13}}},"fnMap":{"0":{"name":"(anonymous_7)","decl":{"start":{"line":14,"column":2},"end":{"line":14,"column":14}},"loc":{"start":{"line":14,"column":36},"end":{"line":19,"column":3}}},"1":{"name":"(anonymous_8)","decl":{"start":{"line":21,"column":10},"end":{"line":21,"column":15}},"loc":{"start":{"line":21,"column":15},"end":{"line":103,"column":3}}},"2":{"name":"(anonymous_9)","decl":{"start":{"line":24,"column":29},"end":{"line":24,"column":36}},"loc":{"start":{"line":24,"column":48},"end":{"line":34,"column":4}}},"3":{"name":"(anonymous_10)","decl":{"start":{"line":24,"column":48},"end":{"line":24,"column":null}},"loc":{"start":{"line":24,"column":48},"end":{"line":34,"column":3}}},"4":{"name":"(anonymous_11)","decl":{"start":{"line":36,"column":32},"end":{"line":36,"column":39}},"loc":{"start":{"line":36,"column":51},"end":{"line":50,"column":2}}},"5":{"name":"(anonymous_12)","decl":{"start":{"line":36,"column":51},"end":{"line":36,"column":null}},"loc":{"start":{"line":36,"column":51},"end":{"line":50,"column":1}}},"6":{"name":"(anonymous_13)","decl":{"start":{"line":52,"column":131},"end":{"line":52,"column":138}},"loc":{"start":{"line":52,"column":152},"end":{"line":70,"column":2}}},"7":{"name":"(anonymous_14)","decl":{"start":{"line":52,"column":152},"end":{"line":52,"column":null}},"loc":{"start":{"line":52,"column":152},"end":{"line":70,"column":1}}},"8":{"name":"(anonymous_15)","decl":{"start":{"line":74,"column":30},"end":{"line":74,"column":37}},"loc":{"start":{"line":74,"column":49},"end":{"line":90,"column":2}}},"9":{"name":"(anonymous_16)","decl":{"start":{"line":74,"column":49},"end":{"line":74,"column":null}},"loc":{"start":{"line":74,"column":49},"end":{"line":90,"column":1}}},"10":{"name":"(anonymous_17)","decl":{"start":{"line":93,"column":27},"end":{"line":93,"column":34}},"loc":{"start":{"line":93,"column":46},"end":{"line":103,"column":2}}},"11":{"name":"(anonymous_18)","decl":{"start":{"line":93,"column":46},"end":{"line":93,"column":null}},"loc":{"start":{"line":93,"column":46},"end":{"line":103,"column":1}}}},"branchMap":{"0":{"loc":{"start":{"line":41,"column":8},"end":{"line":45,"column":9}},"type":"if","locations":[{"start":{"line":41,"column":8},"end":{"line":45,"column":9}},{"start":{"line":43,"column":15},"end":{"line":45,"column":9}}]},"1":{"loc":{"start":{"line":60,"column":2},"end":{"line":60,"column":null}},"type":"if","locations":[{"start":{"line":60,"column":2},"end":{"line":60,"column":null}}]},"2":{"loc":{"start":{"line":81,"column":6},"end":{"line":85,"column":7}},"type":"if","locations":[{"start":{"line":81,"column":6},"end":{"line":85,"column":7}},{"start":{"line":83,"column":13},"end":{"line":85,"column":7}}]}},"s":{"0":1,"1":1,"2":1,"3":1,"4":1,"5":1,"6":1,"7":1,"8":1,"9":1,"10":1,"11":1,"12":1,"13":1,"14":0,"15":0,"16":1,"17":1,"18":1,"19":1,"20":1,"21":1,"22":1,"23":0,"24":0,"25":0,"26":1,"27":0,"28":0,"29":0,"30":0,"31":0,"32":0,"33":0,"34":0,"35":0,"36":0,"37":0,"38":0,"39":0,"40":1,"41":0,"42":0,"43":0,"44":0,"45":0,"46":0,"47":0,"48":0,"49":0,"50":0,"51":1,"52":0,"53":0,"54":0,"55":0,"56":0,"57":0,"58":1},"f":{"0":1,"1":1,"2":1,"3":1,"4":1,"5":1,"6":0,"7":0,"8":0,"9":0,"10":0,"11":0},"b":{"0":[1,0],"1":[0],"2":[0,0]}}
,"/Users/jamalkoukou/Desktop/test/services/author.service.ts": {"path":"/Users/jamalkoukou/Desktop/test/services/author.service.ts","statementMap":{"0":{"start":{"line":3,"column":0},"end":{"line":3,"column":47}},"1":{"start":{"line":11,"column":8},"end":{"line":11,"column":37}},"2":{"start":{"line":15,"column":8},"end":{"line":15,"column":67}},"3":{"start":{"line":20,"column":8},"end":{"line":20,"column":86}},"4":{"start":{"line":21,"column":8},"end":{"line":23,"column":9}},"5":{"start":{"line":22,"column":12},"end":{"line":22,"column":null}},"6":{"start":{"line":24,"column":8},"end":{"line":24,"column":null}},"7":{"start":{"line":6,"column":0},"end":{"line":6,"column":13}}},"fnMap":{"0":{"name":"(anonymous_7)","decl":{"start":{"line":9,"column":4},"end":{"line":9,"column":16}},"loc":{"start":{"line":9,"column":38},"end":{"line":12,"column":5}}},"1":{"name":"(anonymous_8)","decl":{"start":{"line":14,"column":10},"end":{"line":14,"column":19}},"loc":{"start":{"line":14,"column":44},"end":{"line":16,"column":null}}},"2":{"name":"(anonymous_10)","decl":{"start":{"line":18,"column":10},"end":{"line":18,"column":23}},"loc":{"start":{"line":18,"column":33},"end":{"line":26,"column":null}}}},"branchMap":{"0":{"loc":{"start":{"line":21,"column":8},"end":{"line":23,"column":9}},"type":"if","locations":[{"start":{"line":21,"column":8},"end":{"line":23,"column":9}}]}},"s":{"0":1,"1":1,"2":0,"3":0,"4":0,"5":0,"6":0,"7":1},"f":{"0":1,"1":0,"2":0},"b":{"0":[0]}}
,"/Users/jamalkoukou/Desktop/test/services/book.service.ts": {"path":"/Users/jamalkoukou/Desktop/test/services/book.service.ts","statementMap":{"0":{"start":{"line":2,"column":0},"end":{"line":2,"column":43}},"1":{"start":{"line":3,"column":0},"end":{"line":3,"column":28}},"2":{"start":{"line":5,"column":0},"end":{"line":5,"column":16}},"3":{"start":{"line":18,"column":8},"end":{"line":18,"column":37}},"4":{"start":{"line":24,"column":17},"end":{"line":24,"column":69}},"5":{"start":{"line":25,"column":4},"end":{"line":25,"column":64}},"6":{"start":{"line":31,"column":4},"end":{"line":31,"column":54}},"7":{"start":{"line":37,"column":4},"end":{"line":43,"column":5}},"8":{"start":{"line":39,"column":6},"end":{"line":39,"column":94}},"9":{"start":{"line":42,"column":6},"end":{"line":42,"column":102}},"10":{"start":{"line":45,"column":4},"end":{"line":47,"column":5}},"11":{"start":{"line":46,"column":6},"end":{"line":46,"column":18}},"12":{"start":{"line":48,"column":4},"end":{"line":48,"column":45}},"13":{"start":{"line":49,"column":4},"end":{"line":49,"column":65}},"14":{"start":{"line":51,"column":4},"end":{"line":51,"column":24}},"15":{"start":{"line":57,"column":4},"end":{"line":63,"column":5}},"16":{"start":{"line":59,"column":6},"end":{"line":59,"column":86}},"17":{"start":{"line":62,"column":6},"end":{"line":62,"column":94}},"18":{"start":{"line":65,"column":4},"end":{"line":67,"column":5}},"19":{"start":{"line":66,"column":6},"end":{"line":66,"column":18}},"20":{"start":{"line":70,"column":4},"end":{"line":70,"column":16}},"21":{"start":{"line":74,"column":4},"end":{"line":80,"column":5}},"22":{"start":{"line":75,"column":6},"end":{"line":75,"column":59}},"23":{"start":{"line":78,"column":6},"end":{"line":78,"column":57}},"24":{"start":{"line":79,"column":6},"end":{"line":79,"column":18}},"25":{"start":{"line":7,"column":0},"end":{"line":7,"column":13}}},"fnMap":{"0":{"name":"(anonymous_8)","decl":{"start":{"line":17,"column":4},"end":{"line":17,"column":16}},"loc":{"start":{"line":17,"column":38},"end":{"line":19,"column":5}}},"1":{"name":"(anonymous_9)","decl":{"start":{"line":23,"column":8},"end":{"line":23,"column":18}},"loc":{"start":{"line":23,"column":42},"end":{"line":26,"column":null}}},"2":{"name":"(anonymous_11)","decl":{"start":{"line":30,"column":8},"end":{"line":30,"column":19}},"loc":{"start":{"line":30,"column":19},"end":{"line":32,"column":null}}},"3":{"name":"(anonymous_13)","decl":{"start":{"line":34,"column":8},"end":{"line":34,"column":16}},"loc":{"start":{"line":34,"column":70},"end":{"line":52,"column":null}}},"4":{"name":"(anonymous_15)","decl":{"start":{"line":54,"column":8},"end":{"line":54,"column":25}},"loc":{"start":{"line":54,"column":51},"end":{"line":71,"column":null}}},"5":{"name":"(anonymous_17)","decl":{"start":{"line":73,"column":8},"end":{"line":73,"column":22}},"loc":{"start":{"line":73,"column":33},"end":{"line":81,"column":null}}}},"branchMap":{"0":{"loc":{"start":{"line":37,"column":4},"end":{"line":43,"column":5}},"type":"if","locations":[{"start":{"line":37,"column":4},"end":{"line":43,"column":5}},{"start":{"line":40,"column":11},"end":{"line":43,"column":5}}]},"1":{"loc":{"start":{"line":45,"column":4},"end":{"line":47,"column":5}},"type":"if","locations":[{"start":{"line":45,"column":4},"end":{"line":47,"column":5}}]},"2":{"loc":{"start":{"line":57,"column":4},"end":{"line":63,"column":5}},"type":"if","locations":[{"start":{"line":57,"column":4},"end":{"line":63,"column":5}},{"start":{"line":60,"column":11},"end":{"line":63,"column":5}}]},"3":{"loc":{"start":{"line":65,"column":4},"end":{"line":67,"column":5}},"type":"if","locations":[{"start":{"line":65,"column":4},"end":{"line":67,"column":5}}]}},"s":{"0":1,"1":1,"2":1,"3":1,"4":0,"5":0,"6":1,"7":0,"8":0,"9":0,"10":0,"11":0,"12":0,"13":0,"14":0,"15":1,"16":0,"17":1,"18":1,"19":0,"20":1,"21":0,"22":0,"23":0,"24":0,"25":1},"f":{"0":1,"1":0,"2":1,"3":0,"4":1,"5":0},"b":{"0":[0,0],"1":[0],"2":[0,1],"3":[0]}}
}
